<?xml version="1.0" encoding="UTF-8"?>
<!-- Generated by org.testng.reporters.JUnitReportReporter -->
<testsuite skipped="0" hostname="PT-PTL-034" name="testng.Testcase1" tests="2" failures="0" timestamp="19 Sep 2019 10:17:00 GMT" time="0.005" errors="0">
  <testcase name="four" time="0.004" classname="testng.Testcase1"/>
  <testcase name="one" time="0.001" classname="testng.Testcase1"/>
</testsuite> <!-- testng.Testcase1 -->
