<?xml version="1.0" encoding="UTF-8"?>
<!-- Generated by org.testng.reporters.JUnitReportReporter -->
<testsuite skipped="0" hostname="PT-PTL-034" name="Testcase2" tests="1" failures="0" timestamp="19 Sep 2019 10:48:03 GMT" time="0.005" errors="0">
  <testcase name="one" time="0.005" classname="Testcase2"/>
</testsuite> <!-- Testcase2 -->
