<?xml version="1.0" encoding="UTF-8"?>
<!-- Generated by org.testng.reporters.JUnitReportReporter -->
<testsuite skipped="0" hostname="PT-MIL-011" name="getRequest.TestNew" tests="2" failures="0" timestamp="08 Aug 2018 12:23:36 GMT" time="47.119" errors="0">
  <testcase name="GetData" time="24.805" classname="getRequest.TestNew"/>
  <testcase name="testbody" time="22.314" classname="getRequest.TestNew"/>
</testsuite> <!-- getRequest.TestNew -->
