<?xml version="1.0" encoding="UTF-8"?>
<!-- Generated by org.testng.reporters.JUnitReportReporter -->
<testsuite hostname="PT-PTL-034" name="com.bestbuy.demotests.testpages.SearchByCategory" tests="4" failures="0" timestamp="5 Nov 2019 08:34:13 GMT" time="57.232" errors="0">
  <testcase name="TC246" time="14.380" classname="com.bestbuy.demotests.testpages.SearchByCategory"/>
  <testcase name="TC244" time="14.923" classname="com.bestbuy.demotests.testpages.SearchByCategory"/>
  <testcase name="TC166" time="15.145" classname="com.bestbuy.demotests.testpages.SearchByCategory"/>
  <testcase name="TC243" time="12.784" classname="com.bestbuy.demotests.testpages.SearchByCategory"/>
</testsuite> <!-- com.bestbuy.demotests.testpages.SearchByCategory -->
